# JRE version: OpenJDK Runtime Environment (8.0_152-b08) (build 1.8.0_152-release-915-b08)
# Java VM: OpenJDK 64-Bit Server VM (25.152-b08 mixed mode bsd-amd64 compressed oops)
Heap:
 PSYoungGen      total 432128K, used 64382K [0x00000007a0000000, 0x00000007bfe00000, 0x00000007c0000000)
  eden space 342016K, 0% used [0x00000007a0000000,0x00000007a0000000,0x00000007b4e00000)
  from space 90112K, 71% used [0x00000007ba600000,0x00000007be4dfb10,0x00000007bfe00000)
  to   space 90112K, 0% used [0x00000007b4e00000,0x00000007b4e00000,0x00000007ba600000)
 ParOldGen       total 183808K, used 164973K [0x0000000760000000, 0x000000076b380000, 0x00000007a0000000)
  object space 183808K, 89% used [0x0000000760000000,0x000000076a11b7e0,0x000000076b380000)
 Metaspace       used 87397K, capacity 98316K, committed 98380K, reserved 1134592K
  class space    used 11251K, capacity 13843K, committed 13900K, reserved 1048576K
GC Heap History (10 events):
Event: 511.567 GC heap after
Heap after GC invocations=39 (full 3):
 PSYoungGen      total 411136K, used 49916K [0x00000007a0000000, 0x00000007bec80000, 0x00000007c0000000)
  eden space 324096K, 0% used [0x00000007a0000000,0x00000007a0000000,0x00000007b3c80000)
  from space 87040K, 57% used [0x00000007b9780000,0x00000007bc83f1d8,0x00000007bec80000)
  to   space 90112K, 0% used [0x00000007b3c80000,0x00000007b3c80000,0x00000007b9480000)
 ParOldGen       total 183808K, used 158896K [0x0000000760000000, 0x000000076b380000, 0x00000007a0000000)
  object space 183808K, 86% used [0x0000000760000000,0x0000000769b2c328,0x000000076b380000)
 Metaspace       used 86349K, capacity 96514K, committed 96768K, reserved 1132544K
  class space    used 11097K, capacity 13536K, committed 13568K, reserved 1048576K
}
Event: 513.830 GC heap before
{Heap before GC invocations=40 (full 3):
 PSYoungGen      total 411136K, used 374012K [0x00000007a0000000, 0x00000007bec80000, 0x00000007c0000000)
  eden space 324096K, 100% used [0x00000007a0000000,0x00000007b3c80000,0x00000007b3c80000)
  from space 87040K, 57% used [0x00000007b9780000,0x00000007bc83f1d8,0x00000007bec80000)
  to   space 90112K, 0% used [0x00000007b3c80000,0x00000007b3c80000,0x00000007b9480000)
 ParOldGen       total 183808K, used 158896K [0x0000000760000000, 0x000000076b380000, 0x00000007a0000000)
  object space 183808K, 86% used [0x0000000760000000,0x0000000769b2c328,0x000000076b380000)
 Metaspace       used 86399K, capacity 96630K, committed 96768K, reserved 1132544K
  class space    used 11101K, capacity 13544K, committed 13568K, reserved 1048576K
Event: 513.938 GC heap after
Heap after GC invocations=40 (full 3):
 PSYoungGen      total 414208K, used 74835K [0x00000007a0000000, 0x00000007c0000000, 0x00000007c0000000)
  eden space 324096K, 0% used [0x00000007a0000000,0x00000007a0000000,0x00000007b3c80000)
  from space 90112K, 83% used [0x00000007b3c80000,0x00000007b8594f88,0x00000007b9480000)
  to   space 94208K, 0% used [0x00000007ba400000,0x00000007ba400000,0x00000007c0000000)
 ParOldGen       total 183808K, used 160340K [0x0000000760000000, 0x000000076b380000, 0x00000007a0000000)
  object space 183808K, 87% used [0x0000000760000000,0x0000000769c950e0,0x000000076b380000)
 Metaspace       used 86399K, capacity 96630K, committed 96768K, reserved 1132544K
  class space    used 11101K, capacity 13544K, committed 13568K, reserved 1048576K
}
Event: 563.810 GC heap before
{Heap before GC invocations=41 (full 3):
 PSYoungGen      total 414208K, used 398931K [0x00000007a0000000, 0x00000007c0000000, 0x00000007c0000000)
  eden space 324096K, 100% used [0x00000007a0000000,0x00000007b3c80000,0x00000007b3c80000)
  from space 90112K, 83% used [0x00000007b3c80000,0x00000007b8594f88,0x00000007b9480000)
  to   space 94208K, 0% used [0x00000007ba400000,0x00000007ba400000,0x00000007c0000000)
 ParOldGen       total 183808K, used 160340K [0x0000000760000000, 0x000000076b380000, 0x00000007a0000000)
  object space 183808K, 87% used [0x0000000760000000,0x0000000769c950e0,0x000000076b380000)
 Metaspace       used 86918K, capacity 97494K, committed 97792K, reserved 1132544K
  class space    used 11177K, capacity 13706K, committed 13824K, reserved 1048576K
Event: 563.899 GC heap after
Heap after GC invocations=41 (full 3):
 PSYoungGen      total 431104K, used 59053K [0x00000007a0000000, 0x00000007bfe00000, 0x00000007c0000000)
  eden space 338944K, 0% used [0x00000007a0000000,0x00000007a0000000,0x00000007b4b00000)
  from space 92160K, 64% used [0x00000007ba400000,0x00000007bddab738,0x00000007bfe00000)
  to   space 91136K, 0% used [0x00000007b4b00000,0x00000007b4b00000,0x00000007ba400000)
 ParOldGen       total 183808K, used 162079K [0x0000000760000000, 0x000000076b380000, 0x00000007a0000000)
  object space 183808K, 88% used [0x0000000760000000,0x0000000769e47e68,0x000000076b380000)
 Metaspace       used 86918K, capacity 97494K, committed 97792K, reserved 1132544K
  class space    used 11177K, capacity 13706K, committed 13824K, reserved 1048576K
}
Event: 569.075 GC heap before
{Heap before GC invocations=42 (full 3):
 PSYoungGen      total 431104K, used 397997K [0x00000007a0000000, 0x00000007bfe00000, 0x00000007c0000000)
  eden space 338944K, 100% used [0x00000007a0000000,0x00000007b4b00000,0x00000007b4b00000)
  from space 92160K, 64% used [0x00000007ba400000,0x00000007bddab738,0x00000007bfe00000)
  to   space 91136K, 0% used [0x00000007b4b00000,0x00000007b4b00000,0x00000007ba400000)
 ParOldGen       total 183808K, used 162079K [0x0000000760000000, 0x000000076b380000, 0x00000007a0000000)
  object space 183808K, 88% used [0x0000000760000000,0x0000000769e47e68,0x000000076b380000)
 Metaspace       used 87068K, capacity 97690K, committed 97792K, reserved 1132544K
  class space    used 11189K, capacity 13746K, committed 13824K, reserved 1048576K
Event: 569.140 GC heap after
Heap after GC invocations=42 (full 3):
 PSYoungGen      total 430080K, used 66065K [0x00000007a0000000, 0x00000007bff00000, 0x00000007c0000000)
  eden space 338944K, 0% used [0x00000007a0000000,0x00000007a0000000,0x00000007b4b00000)
  from space 91136K, 72% used [0x00000007b4b00000,0x00000007b8b846d0,0x00000007ba400000)
  to   space 91136K, 0% used [0x00000007ba600000,0x00000007ba600000,0x00000007bff00000)
 ParOldGen       total 183808K, used 163410K [0x0000000760000000, 0x000000076b380000, 0x00000007a0000000)
  object space 183808K, 88% used [0x0000000760000000,0x0000000769f94bd0,0x000000076b380000)
 Metaspace       used 87068K, capacity 97690K, committed 97792K, reserved 1132544K
  class space    used 11189K, capacity 13746K, committed 13824K, reserved 1048576K
}
Event: 587.961 GC heap before
{Heap before GC invocations=43 (full 3):
 PSYoungGen      total 430080K, used 159858K [0x00000007a0000000, 0x00000007bff00000, 0x00000007c0000000)
  eden space 338944K, 27% used [0x00000007a0000000,0x00000007a5b98478,0x00000007b4b00000)
  from space 91136K, 72% used [0x00000007b4b00000,0x00000007b8b846d0,0x00000007ba400000)
  to   space 91136K, 0% used [0x00000007ba600000,0x00000007ba600000,0x00000007bff00000)
 ParOldGen       total 183808K, used 163410K [0x0000000760000000, 0x000000076b380000, 0x00000007a0000000)
  object space 183808K, 88% used [0x0000000760000000,0x0000000769f94bd0,0x000000076b380000)
 Metaspace       used 87397K, capacity 98316K, committed 98380K, reserved 1134592K
  class space    used 11251K, capacity 13843K, committed 13900K, reserved 1048576K
Event: 588.023 GC heap after
Heap after GC invocations=43 (full 3):
 PSYoungGen      total 432128K, used 64382K [0x00000007a0000000, 0x00000007bfe00000, 0x00000007c0000000)
  eden space 342016K, 0% used [0x00000007a0000000,0x00000007a0000000,0x00000007b4e00000)
  from space 90112K, 71% used [0x00000007ba600000,0x00000007be4dfb10,0x00000007bfe00000)
  to   space 90112K, 0% used [0x00000007b4e00000,0x00000007b4e00000,0x00000007ba600000)
 ParOldGen       total 183808K, used 164973K [0x0000000760000000, 0x000000076b380000, 0x00000007a0000000)
  object space 183808K, 89% used [0x0000000760000000,0x000000076a11b7e0,0x000000076b380000)
 Metaspace       used 87397K, capacity 98316K, committed 98380K, reserved 1134592K
  class space    used 11251K, capacity 13843K, committed 13900K, reserved 1048576K
}
Event: 588.023 GC heap before
{Heap before GC invocations=44 (full 4):
 PSYoungGen      total 432128K, used 64382K [0x00000007a0000000, 0x00000007bfe00000, 0x00000007c0000000)
  eden space 342016K, 0% used [0x00000007a0000000,0x00000007a0000000,0x00000007b4e00000)
  from space 90112K, 71% used [0x00000007ba600000,0x00000007be4dfb10,0x00000007bfe00000)
  to   space 90112K, 0% used [0x00000007b4e00000,0x00000007b4e00000,0x00000007ba600000)
 ParOldGen       total 183808K, used 164973K [0x0000000760000000, 0x000000076b380000, 0x00000007a0000000)
  object space 183808K, 89% used [0x0000000760000000,0x000000076a11b7e0,0x000000076b380000)
 Metaspace       used 87397K, capacity 98316K, committed 98380K, reserved 1134592K
  class space    used 11251K, capacity 13843K, committed 13900K, reserved 1048576K

