# JRE version: OpenJDK Runtime Environment (8.0_152-b08) (build 1.8.0_152-release-915-b08)
# Java VM: OpenJDK 64-Bit Server VM (25.152-b08 mixed mode bsd-amd64 compressed oops)
Heap:
 PSYoungGen      total 452608K, used 306484K [0x00000007a0000000, 0x00000007c0000000, 0x00000007c0000000)
  eden space 384512K, 70% used [0x00000007a0000000,0x00000007b08a8918,0x00000007b7780000)
  from space 68096K, 52% used [0x00000007b7780000,0x00000007b9a247a8,0x00000007bba00000)
  to   space 67584K, 0% used [0x00000007bbe00000,0x00000007bbe00000,0x00000007c0000000)
 ParOldGen       total 237056K, used 181995K [0x0000000760000000, 0x000000076e780000, 0x00000007a0000000)
  object space 237056K, 76% used [0x0000000760000000,0x000000076b1bacb8,0x000000076e780000)
 Metaspace       used 101750K, capacity 112220K, committed 112472K, reserved 1146880K
  class space    used 13145K, capacity 15659K, committed 15744K, reserved 1048576K
GC Heap History (10 events):
Event: 433.599 GC heap before
{Heap before GC invocations=17 (full 4):
 PSYoungGen      total 477184K, used 47090K [0x00000007a0000000, 0x00000007c0000000, 0x00000007c0000000)
  eden space 430080K, 0% used [0x00000007a0000000,0x00000007a0000000,0x00000007ba400000)
  from space 47104K, 99% used [0x00000007ba400000,0x00000007bd1fc9a8,0x00000007bd200000)
  to   space 47104K, 0% used [0x00000007bd200000,0x00000007bd200000,0x00000007c0000000)
 ParOldGen       total 123392K, used 107959K [0x0000000760000000, 0x0000000767880000, 0x00000007a0000000)
  object space 123392K, 87% used [0x0000000760000000,0x000000076696dc60,0x0000000767880000)
 Metaspace       used 83250K, capacity 91030K, committed 91352K, reserved 1128448K
  class space    used 10920K, capacity 12680K, committed 12800K, reserved 1048576K
Event: 434.615 GC heap after
Heap after GC invocations=17 (full 4):
 PSYoungGen      total 477184K, used 0K [0x00000007a0000000, 0x00000007c0000000, 0x00000007c0000000)
  eden space 430080K, 0% used [0x00000007a0000000,0x00000007a0000000,0x00000007ba400000)
  from space 47104K, 0% used [0x00000007ba400000,0x00000007ba400000,0x00000007bd200000)
  to   space 47104K, 0% used [0x00000007bd200000,0x00000007bd200000,0x00000007c0000000)
 ParOldGen       total 237056K, used 118622K [0x0000000760000000, 0x000000076e780000, 0x00000007a0000000)
  object space 237056K, 50% used [0x0000000760000000,0x00000007673d7bc8,0x000000076e780000)
 Metaspace       used 82565K, capacity 89060K, committed 91352K, reserved 1128448K
  class space    used 10725K, capacity 12433K, committed 12800K, reserved 1048576K
}
Event: 485.456 GC heap before
{Heap before GC invocations=18 (full 4):
 PSYoungGen      total 477184K, used 430080K [0x00000007a0000000, 0x00000007c0000000, 0x00000007c0000000)
  eden space 430080K, 100% used [0x00000007a0000000,0x00000007ba400000,0x00000007ba400000)
  from space 47104K, 0% used [0x00000007ba400000,0x00000007ba400000,0x00000007bd200000)
  to   space 47104K, 0% used [0x00000007bd200000,0x00000007bd200000,0x00000007c0000000)
 ParOldGen       total 237056K, used 118622K [0x0000000760000000, 0x000000076e780000, 0x00000007a0000000)
  object space 237056K, 50% used [0x0000000760000000,0x00000007673d7bc8,0x000000076e780000)
 Metaspace       used 87270K, capacity 94694K, committed 95064K, reserved 1130496K
  class space    used 11154K, capacity 13013K, committed 13184K, reserved 1048576K
Event: 485.551 GC heap after
Heap after GC invocations=18 (full 4):
 PSYoungGen      total 429056K, used 42167K [0x00000007a0000000, 0x00000007c0000000, 0x00000007c0000000)
  eden space 381952K, 0% used [0x00000007a0000000,0x00000007a0000000,0x00000007b7500000)
  from space 47104K, 89% used [0x00000007bd200000,0x00000007bfb2df58,0x00000007c0000000)
  to   space 71168K, 0% used [0x00000007b7500000,0x00000007b7500000,0x00000007bba80000)
 ParOldGen       total 237056K, used 118630K [0x0000000760000000, 0x000000076e780000, 0x00000007a0000000)
  object space 237056K, 50% used [0x0000000760000000,0x00000007673d9bc8,0x000000076e780000)
 Metaspace       used 87270K, capacity 94694K, committed 95064K, reserved 1130496K
  class space    used 11154K, capacity 13013K, committed 13184K, reserved 1048576K
}
Event: 519.813 GC heap before
{Heap before GC invocations=19 (full 4):
 PSYoungGen      total 429056K, used 424119K [0x00000007a0000000, 0x00000007c0000000, 0x00000007c0000000)
  eden space 381952K, 100% used [0x00000007a0000000,0x00000007b7500000,0x00000007b7500000)
  from space 47104K, 89% used [0x00000007bd200000,0x00000007bfb2df58,0x00000007c0000000)
  to   space 71168K, 0% used [0x00000007b7500000,0x00000007b7500000,0x00000007bba80000)
 ParOldGen       total 237056K, used 118630K [0x0000000760000000, 0x000000076e780000, 0x00000007a0000000)
  object space 237056K, 50% used [0x0000000760000000,0x00000007673d9bc8,0x000000076e780000)
 Metaspace       used 87897K, capacity 95470K, committed 95704K, reserved 1132544K
  class space    used 11189K, capacity 13107K, committed 13312K, reserved 1048576K
Event: 519.997 GC heap after
Heap after GC invocations=19 (full 4):
 PSYoungGen      total 453120K, used 31134K [0x00000007a0000000, 0x00000007c0000000, 0x00000007c0000000)
  eden space 381952K, 0% used [0x00000007a0000000,0x00000007a0000000,0x00000007b7500000)
  from space 71168K, 43% used [0x00000007b7500000,0x00000007b9367bc0,0x00000007bba80000)
  to   space 68608K, 0% used [0x00000007bbd00000,0x00000007bbd00000,0x00000007c0000000)
 ParOldGen       total 237056K, used 154740K [0x0000000760000000, 0x000000076e780000, 0x00000007a0000000)
  object space 237056K, 65% used [0x0000000760000000,0x000000076971d358,0x000000076e780000)
 Metaspace       used 87897K, capacity 95470K, committed 95704K, reserved 1132544K
  class space    used 11189K, capacity 13107K, committed 13312K, reserved 1048576K
}
Event: 557.114 GC heap before
{Heap before GC invocations=20 (full 4):
 PSYoungGen      total 453120K, used 413086K [0x00000007a0000000, 0x00000007c0000000, 0x00000007c0000000)
  eden space 381952K, 100% used [0x00000007a0000000,0x00000007b7500000,0x00000007b7500000)
  from space 71168K, 43% used [0x00000007b7500000,0x00000007b9367bc0,0x00000007bba80000)
  to   space 68608K, 0% used [0x00000007bbd00000,0x00000007bbd00000,0x00000007c0000000)
 ParOldGen       total 237056K, used 154740K [0x0000000760000000, 0x000000076e780000, 0x00000007a0000000)
  object space 237056K, 65% used [0x0000000760000000,0x000000076971d358,0x000000076e780000)
 Metaspace       used 88447K, capacity 96428K, committed 96856K, reserved 1132544K
  class space    used 11249K, capacity 13259K, committed 13440K, reserved 1048576K
Event: 557.211 GC heap after
Heap after GC invocations=20 (full 4):
 PSYoungGen      total 449536K, used 5804K [0x00000007a0000000, 0x00000007bfc80000, 0x00000007c0000000)
  eden space 384512K, 0% used [0x00000007a0000000,0x00000007a0000000,0x00000007b7780000)
  from space 65024K, 8% used [0x00000007bbd00000,0x00000007bc2ab2a8,0x00000007bfc80000)
  to   space 68096K, 0% used [0x00000007b7780000,0x00000007b7780000,0x00000007bba00000)
 ParOldGen       total 237056K, used 181987K [0x0000000760000000, 0x000000076e780000, 0x00000007a0000000)
  object space 237056K, 76% used [0x0000000760000000,0x000000076b1b8cb8,0x000000076e780000)
 Metaspace       used 88447K, capacity 96428K, committed 96856K, reserved 1132544K
  class space    used 11249K, capacity 13259K, committed 13440K, reserved 1048576K
}
Event: 560.851 GC heap before
{Heap before GC invocations=21 (full 4):
 PSYoungGen      total 449536K, used 390316K [0x00000007a0000000, 0x00000007bfc80000, 0x00000007c0000000)
  eden space 384512K, 100% used [0x00000007a0000000,0x00000007b7780000,0x00000007b7780000)
  from space 65024K, 8% used [0x00000007bbd00000,0x00000007bc2ab2a8,0x00000007bfc80000)
  to   space 68096K, 0% used [0x00000007b7780000,0x00000007b7780000,0x00000007bba00000)
 ParOldGen       total 237056K, used 181987K [0x0000000760000000, 0x000000076e780000, 0x00000007a0000000)
  object space 237056K, 76% used [0x0000000760000000,0x000000076b1b8cb8,0x000000076e780000)
 Metaspace       used 98639K, capacity 107964K, committed 108248K, reserved 1142784K
  class space    used 12676K, capacity 14978K, committed 15104K, reserved 1048576K
Event: 560.886 GC heap after
Heap after GC invocations=21 (full 4):
 PSYoungGen      total 452608K, used 35473K [0x00000007a0000000, 0x00000007c0000000, 0x00000007c0000000)
  eden space 384512K, 0% used [0x00000007a0000000,0x00000007a0000000,0x00000007b7780000)
  from space 68096K, 52% used [0x00000007b7780000,0x00000007b9a247a8,0x00000007bba00000)
  to   space 67584K, 0% used [0x00000007bbe00000,0x00000007bbe00000,0x00000007c0000000)
 ParOldGen       total 237056K, used 181995K [0x0000000760000000, 0x000000076e780000, 0x00000007a0000000)
  object space 237056K, 76% used [0x0000000760000000,0x000000076b1bacb8,0x000000076e780000)
 Metaspace       used 98639K, capacity 107964K, committed 108248K, reserved 1142784K
  class space    used 12676K, capacity 14978K, committed 15104K, reserved 1048576K
}

